<?xml version="1.0" encoding="UTF-8"?>
<!-- Generated by org.testng.reporters.JUnitReportReporter -->
<testsuite hostname="DESKTOP-KC7LND1" failures="0" tests="25" name="runners.TestRunner" time="127.282" errors="0" timestamp="2025-09-01T09:50:56 IST" skipped="0">
  <testcase classname="runners.TestRunner" name="runScenario" time="11.186"/>
  <testcase classname="runners.TestRunner" name="runScenario" time="3.169"/>
  <testcase classname="runners.TestRunner" name="runScenario" time="4.106"/>
  <testcase classname="runners.TestRunner" name="runScenario" time="4.475"/>
  <testcase classname="runners.TestRunner" name="runScenario" time="8.288"/>
  <testcase classname="runners.TestRunner" name="runScenario" time="4.505"/>
  <testcase classname="runners.TestRunner" name="runScenario" time="11.109"/>
  <testcase classname="runners.TestRunner" name="runScenario" time="3.232"/>
  <testcase classname="runners.TestRunner" name="runScenario" time="11.254"/>
  <testcase classname="runners.TestRunner" name="runScenario" time="3.950"/>
  <testcase classname="runners.TestRunner" name="runScenario" time="3.201"/>
  <testcase classname="runners.TestRunner" name="runScenario" time="3.142"/>
  <testcase classname="runners.TestRunner" name="runScenario" time="4.095"/>
  <testcase classname="runners.TestRunner" name="runScenario" time="3.247"/>
  <testcase classname="runners.TestRunner" name="runScenario" time="3.287"/>
  <testcase classname="runners.TestRunner" name="runScenario" time="4.293"/>
  <testcase classname="runners.TestRunner" name="runScenario" time="3.373"/>
  <testcase classname="runners.TestRunner" name="runScenario" time="3.664"/>
  <testcase classname="runners.TestRunner" name="runScenario" time="3.374"/>
  <testcase classname="runners.TestRunner" name="runScenario" time="3.230"/>
  <testcase classname="runners.TestRunner" name="runScenario" time="3.418"/>
  <testcase classname="runners.TestRunner" name="runScenario" time="3.258"/>
  <testcase classname="runners.TestRunner" name="runScenario" time="6.478"/>
  <testcase classname="runners.TestRunner" name="runScenario" time="10.655"/>
  <testcase classname="runners.TestRunner" name="runScenario" time="3.293"/>
</testsuite> <!-- runners.TestRunner -->
