<?xml version="1.0" encoding="UTF-8"?>
<!-- Generated by org.testng.reporters.JUnitReportReporter -->
<testsuite hostname="DESKTOP-KC7LND1" failures="0" tests="25" name="runners.TestRunner" time="124.607" errors="0" timestamp="2025-08-31T04:42:45 IST" skipped="0">
  <testcase classname="runners.TestRunner" name="runScenario" time="3.167"/>
  <testcase classname="runners.TestRunner" name="runScenario" time="10.570"/>
  <testcase classname="runners.TestRunner" name="runScenario" time="4.323"/>
  <testcase classname="runners.TestRunner" name="runScenario" time="4.024"/>
  <testcase classname="runners.TestRunner" name="runScenario" time="8.788"/>
  <testcase classname="runners.TestRunner" name="runScenario" time="3.585"/>
  <testcase classname="runners.TestRunner" name="runScenario" time="3.199"/>
  <testcase classname="runners.TestRunner" name="runScenario" time="3.857"/>
  <testcase classname="runners.TestRunner" name="runScenario" time="3.166"/>
  <testcase classname="runners.TestRunner" name="runScenario" time="3.110"/>
  <testcase classname="runners.TestRunner" name="runScenario" time="3.946"/>
  <testcase classname="runners.TestRunner" name="runScenario" time="3.182"/>
  <testcase classname="runners.TestRunner" name="runScenario" time="3.450"/>
  <testcase classname="runners.TestRunner" name="runScenario" time="10.647"/>
  <testcase classname="runners.TestRunner" name="runScenario" time="4.056"/>
  <testcase classname="runners.TestRunner" name="runScenario" time="10.530"/>
  <testcase classname="runners.TestRunner" name="runScenario" time="3.492"/>
  <testcase classname="runners.TestRunner" name="runScenario" time="10.856"/>
  <testcase classname="runners.TestRunner" name="runScenario" time="3.522"/>
  <testcase classname="runners.TestRunner" name="runScenario" time="3.450"/>
  <testcase classname="runners.TestRunner" name="runScenario" time="3.227"/>
  <testcase classname="runners.TestRunner" name="runScenario" time="3.185"/>
  <testcase classname="runners.TestRunner" name="runScenario" time="3.498"/>
  <testcase classname="runners.TestRunner" name="runScenario" time="6.586"/>
  <testcase classname="runners.TestRunner" name="runScenario" time="3.191"/>
</testsuite> <!-- runners.TestRunner -->
