<?xml version="1.0" encoding="UTF-8"?>
<!-- Generated by org.testng.reporters.JUnitReportReporter -->
<testsuite hostname="DESKTOP-KC7LND1" failures="0" tests="3" name="runners.TestRunner" time="13.049" errors="0" timestamp="2025-09-01T14:19:24 IST" skipped="0">
  <testcase classname="runners.TestRunner" name="runScenario" time="4.345"/>
  <testcase classname="runners.TestRunner" name="runScenario" time="3.774"/>
  <testcase classname="runners.TestRunner" name="runScenario" time="4.930"/>
</testsuite> <!-- runners.TestRunner -->
