<?xml version="1.0" encoding="UTF-8"?>
<!-- Generated by org.testng.reporters.JUnitReportReporter -->
<testsuite hostname="DESKTOP-KC7LND1" failures="0" tests="25" name="runners.TestRunner" time="129.584" errors="0" timestamp="2025-08-31T04:03:01 IST" skipped="0">
  <testcase classname="runners.TestRunner" name="runScenario" time="3.171"/>
  <testcase classname="runners.TestRunner" name="runScenario" time="10.962"/>
  <testcase classname="runners.TestRunner" name="runScenario" time="4.344"/>
  <testcase classname="runners.TestRunner" name="runScenario" time="4.020"/>
  <testcase classname="runners.TestRunner" name="runScenario" time="8.236"/>
  <testcase classname="runners.TestRunner" name="runScenario" time="4.574"/>
  <testcase classname="runners.TestRunner" name="runScenario" time="3.618"/>
  <testcase classname="runners.TestRunner" name="runScenario" time="4.078"/>
  <testcase classname="runners.TestRunner" name="runScenario" time="3.382"/>
  <testcase classname="runners.TestRunner" name="runScenario" time="3.559"/>
  <testcase classname="runners.TestRunner" name="runScenario" time="4.394"/>
  <testcase classname="runners.TestRunner" name="runScenario" time="3.639"/>
  <testcase classname="runners.TestRunner" name="runScenario" time="3.491"/>
  <testcase classname="runners.TestRunner" name="runScenario" time="10.499"/>
  <testcase classname="runners.TestRunner" name="runScenario" time="4.369"/>
  <testcase classname="runners.TestRunner" name="runScenario" time="10.676"/>
  <testcase classname="runners.TestRunner" name="runScenario" time="3.173"/>
  <testcase classname="runners.TestRunner" name="runScenario" time="11.947"/>
  <testcase classname="runners.TestRunner" name="runScenario" time="4.095"/>
  <testcase classname="runners.TestRunner" name="runScenario" time="3.654"/>
  <testcase classname="runners.TestRunner" name="runScenario" time="3.319"/>
  <testcase classname="runners.TestRunner" name="runScenario" time="3.353"/>
  <testcase classname="runners.TestRunner" name="runScenario" time="3.219"/>
  <testcase classname="runners.TestRunner" name="runScenario" time="6.407"/>
  <testcase classname="runners.TestRunner" name="runScenario" time="3.405"/>
</testsuite> <!-- runners.TestRunner -->
